{
  "stats": {
    "suites": 1,
    "tests": 12,
    "passes": 10,
    "pending": 2,
    "failures": 0,
    "start": "2022-11-03T06:47:34.772Z",
    "end": "2022-11-03T07:01:19.142Z",
    "duration": 734128,
    "testsRegistered": 12,
    "passPercent": 83.33333333333333,
    "pendingPercent": 16.666666666666668,
    "other": 0,
    "hasOther": false,
    "skipped": 0,
    "hasSkipped": false
  },
  "results": [
    {
      "uuid": "38cea63b-9677-4253-9f4d-f1140a9970c2",
      "title": "",
      "fullFile": "cypress\\e2e\\test.cy.js",
      "file": "cypress\\e2e\\test.cy.js",
      "beforeHooks": [],
      "afterHooks": [],
      "tests": [],
      "suites": [
        {
          "uuid": "69989860-b5d4-4c70-86e4-f7d0912fe9b9",
          "title": "PX4_Smoke_Suite",
          "fullFile": "",
          "file": "",
          "beforeHooks": [],
          "afterHooks": [],
          "tests": [
            {
              "title": "create_stakeholder",
              "fullTitle": "PX4_Smoke_Suite create_stakeholder",
              "timedOut": null,
              "duration": 47658,
              "state": "passed",
              "speed": "slow",
              "pass": true,
              "fail": false,
              "pending": false,
              "context": null,
              "code": "//click on stake holders tab\ncy.xpath('(//a[@class=\"nav-link\"])[7]').click(); // assert page title\ncy.title().should('eq', 'stakeholders'); //click add stakeholder button\ncy.xpath('//button[@class=\"auth-green-btn flex right clickable\"]').click(); // assert page title\ncy.title().should('eq', 'Create Stakeholder'); //enter stakeholder name\ncy.xpath('//input[@id=\"holder_name\"]').should('be.visible').type(\"Stakeholder\" + Math.floor(Math.random() * 100000)); // select authority holder\ncy.xpath('(//input[@id=\"roles\"])[1]').click(); // select management grouping\ncy.xpath('(//input[@id=\"roles\"])[12]').click(); //click on save\ncy.xpath('//button[@class=\"px4-save-btn\"]').click({\n  force: true\n}); // assert page title\ncy.title().should('eq', 'Stakeholder Console'); //assign stakeholder name in a variable\ncy.xpath('//h3[@class=\"px4-title m-0 p-30\"]').invoke('text').then(Stakeholder => {\n  this.Stakeholder_name = Stakeholder.trim();\n  cy.log(\"Stakeholder name is : \" + this.Stakeholder_name); //expect(username).equal(username)\n});",
              "err": {},
              "uuid": "80139c16-2e6c-4e6a-86b9-215771e8b5a9",
              "parentUUID": "69989860-b5d4-4c70-86e4-f7d0912fe9b9",
              "isHook": false,
              "skipped": false
            },
            {
              "title": "New_Authority",
              "fullTitle": "PX4_Smoke_Suite New_Authority",
              "timedOut": null,
              "duration": 161661,
              "state": "passed",
              "speed": "slow",
              "pass": true,
              "fail": false,
              "pending": false,
              "context": null,
              "code": "// cy.get('.black-text > :nth-child(1) > :nth-child(2)').click({force: true});\n//cy.get('.nav-item:nth-child(3) > .nav-link').click({force: true});\n// click on authorities tab\ncy.xpath('(//a[@class=\"nav-link\"])[3]').click();\ncy.wait(1000); // assert page title\ncy.title().should('eq', 'PX4'); //click on add authority\ncy.xpath('//button[@class=\"auth-green-btn flex right clickable\"]').should('be.visible').click({\n  force: true\n}); //Select Jurisdiction\n// cy.get('#new_authority > div.col-md-12 > div:nth-child(1) > div:nth-child(2) > span > span.selection > span').should('be.visible').type('Queen{enter}');\ncy.xpath(\"(//span[@class='select2-selection select2-selection--single'])[1]\").should('be.visible').click();\ncy.xpath(\"//input[@class='select2-search__field']\").click().type('Queen{enter}'); //Select Category\n// cy.get(':nth-child(1) > :nth-child(3) > .select2 > .selection > .select2-selection').should('be.visible').type('min{enter}');\ncy.xpath(\"(//span[@class='select2-selection select2-selection--single'])[2]\").should('be.visible').click();\ncy.xpath(\"//input[@class='select2-search__field']\").click().type('min{enter}'); //Select Authority Type\n// cy.get('#new_authority > div.col-md-12 > div:nth-child(1) > div:nth-child(4) > span > span.selection > span').should('be.visible').type('EPC{enter}');\ncy.xpath(\"(//span[@class='select2-selection select2-selection--single'])[3]\").should('be.visible').click();\ncy.xpath(\"//input[@class='select2-search__field']\").click().type('EPC{enter}'); //Select Management Grouping\ncy.xpath('(//span[@class=\"select2-selection select2-selection--single\"])[4]').should('be.visible').click();\ncy.xpath('//input[@class=\"select2-search__field\"]').click().type(this.Stakeholder_name).type('{enter}'); //   cy.xpath('//li[contains(text(),\"+ Add Stakeholder\")]').click()  \n// enter authority number\ncy.xpath('//input[@class=\"form-control px4-input-text auth_number\"]').click().type(\"EPC \" + Math.floor(Math.random() * 100000)).type('{Enter}'); //Select project\n// cy.get('#new_authority > div.col-md-12 > div:nth-child(4) > div:nth-child(4) > span > span.selection > span').should('be.visible').type('check{enter}');\n//Enter lodged date\ncy.xpath('//input[@class=\"form-control px4-datepicker px4-input-text attribute_class hasDatepicker\"]').should('be.visible').click().type('1-3-15'); //Enter Years Applied\ncy.xpath('//input[@class=\"form-control px4-input-text attribute_class years_applied\"]').should('be.visible').click().type('8'); //Enter Granted Date\ncy.xpath('//input[@class=\"form-control px4-datepicker px4-input-text attribute_class grant_date hasDatepicker\"]').should('be.visible').click().type('2-3-15'); //Enter Granted Years \ncy.xpath('//input[@class=\"form-control px4-input-text attribute_class row0 years_granted_num\"]').should('be.visible').click().type('8'); // cy.wait(1000);\n// select authority holder\ncy.xpath('(//span[@class=\"select2-selection select2-selection--single\"])[6]').click();\ncy.xpath('//input[@class=\"select2-search__field\"]').should('be.visible').click().type(this.Stakeholder_name).type('{Enter}'); //Enter Percentage\ncy.xpath('//input[@class=\"form-control px4-input-text percent\"]').should('be.visible').click().type('100'); //Click on \"Create Authority\"\n//cy.get('#submit_button').click({force: true});\ncy.xpath('//*[@id=\"submit_button\"]').should('be.visible').click({\n  force: true\n});\ncy.wait(1000); // Confirm Authorty number, Click on Save button\n//cy.get('body > div.swal2-container.swal2-center.swal2-shown > div > div.swal2-actions > button.swal2-confirm.px4-popup-save-btn').should('be.visible').click({force: true});\ncy.xpath('//button[contains(text(),\"SAVE\")]').should('be.visible').click({\n  force: true\n}); //cy.get('.swal2-confirm').click({force: true});\ncy.wait(2000); //  Which native title proces,If applicable?-->Expedited procedure\ncy.xpath('//select[@class=\"swal2-select\"]').select('Expedited procedure');\ncy.wait(3000); //click on save button\ncy.xpath('//button[@class=\"swal2-confirm position-set-save-native-swal swal2-styled\"]').should('be.visible').click({\n  force: true\n});\ncy.wait(3000); //Are NTPC payments applicable for registered claimants?--> NO\ncy.xpath('//button[@class=\"btn px4-popup-cancel-btn btn-md swalbtn\"]').should('be.visible').click({\n  force: true\n});\ncy.wait(3000); //Click on \"Is this overlapping tenure to an existing ATP and/or PL?\" button (NO)\ncy.xpath(\"//button[@class='btn px4-popup-cancel-btn btn-md swalbtn']\").should('be.visible').click();\ncy.wait(3000); //Click on \"What is the Safety & Health Census Form frequency?\" button\ncy.xpath('//select[@class=\"swal2-select\"]').should('be.visible').select('Submit annually');\ncy.wait(3000); //click on save button\n//cy.get('body > div.swal2-container.swal2-center.swal2-shown > div > div.swal2-actions > button.swal2-confirm.swal2-styled').click({force: true});\ncy.xpath('//button[@class=\"swal2-confirm position-set-save-native-swal swal2-styled\"]').should('be.visible').click({\n  force: true\n});\ncy.wait(3000); //site operation commencement date\ncy.xpath('//input[@id=\"input-field1\"]').should('be.visible').type('2-3-15');\ncy.wait(3000); //click on save button\ncy.xpath('//button[@class=\"swal2-confirm px4-popup-save-btn position-set-save\"]').should('be.visible').click({\n  force: true\n});\ncy.wait(3000); //Click on \"Are actions to be created from a specific date for this authority? \" No\ncy.xpath('//button[@class=\"btn px4-popup-cancel-btn btn-md swalbtn\"]').should('be.visible').click({\n  force: true\n});\ncy.wait(30000); // click on OK button\ncy.xpath('//button[@class=\"swal2-confirm btn btn-success width140px\"]').should('be.visible').click({\n  force: true\n});\ncy.intercept('https://api-private.atlassian.com/gasv3/api/v1/batch').as('loadbatch'); // once a request to get settings responds, 'cy.wait' will resolve\ncy.wait('@loadbatch');\ncy.wait(30000); // cy.intercept('https://infraqa.px4app.com/index.php/API_Process/update_next_step/1763379/1763381').as('load')\n// // once a request to get settings responds, 'cy.wait' will resolve\n// cy.wait('@load')   \n// assert page title\ncy.title().should('eq', 'Authority Console');",
              "err": {},
              "uuid": "43ce4ffb-fb73-4768-9420-c0336a96842c",
              "parentUUID": "69989860-b5d4-4c70-86e4-f7d0912fe9b9",
              "isHook": false,
              "skipped": false
            },
            {
              "title": "pending_Actions_Completion",
              "fullTitle": "PX4_Smoke_Suite pending_Actions_Completion",
              "timedOut": null,
              "duration": 53708,
              "state": "passed",
              "speed": "slow",
              "pass": true,
              "fail": false,
              "pending": false,
              "context": null,
              "code": "cy.xpath('//h3[@class=\"px4-title m-0\"]').invoke('text').then(AuthorityNumber => {\n  this.Authority_Number = AuthorityNumber.trim();\n  cy.log(\"Authority Number is : \" + this.Authority_Number); //expect(username).equal(username)\n});\ncy.wait(10000);\ncy.xpath('(//a/i[@class=\"material-icons right blue\"])[2]').should('be.visible').click({\n  force: true\n});\ncy.log('This is to test the log'); // cy.wait(3000);\ncy.xpath('(//i[contains(text(),\"play_arrow\")]/following::button)[1]').should('be.visible').click({\n  force: true\n}); // cy.wait(3000);\ncy.xpath('//button[@id=\"complete_action\"]').should('be.visible').click({\n  force: true\n}); // cy.wait(3000);\ncy.xpath('//button[@type=\"submit\" and @class=\"px4-save-btn confirm-complete\"]').should('be.visible').click({\n  force: true\n}); // cy.wait(30000);\ncy.xpath('//select[@class=\"swal2-select\" and @style=\"display: flex;\"]').should('be.visible').select('Yes'); // cy.wait(1000);\ncy.xpath('//button[@type=\"button\" and @class=\"swal2-confirm position-set-save-native-swal swal2-styled\"]').should('be.visible').click({\n  force: true\n}); // cy.wait(1000);\ncy.xpath('//button[@type=\"button\" and @class=\"swal2-confirm px4-popup-save-btn position-set-save\"]').should('be.visible').click({\n  force: true\n}); // cy.wait(1000);\ncy.xpath('//input[@id=\"input-field1\"]').should('be.visible').type('5');\ncy.log('This to test'); // cy.wait(10000);\ncy.xpath('//button[@type=\"button\" and @class=\"swal2-confirm px4-popup-save-btn position-set-save\"]').should('be.visible').click({\n  force: true\n}); // cy.wait(20000);",
              "err": {},
              "uuid": "dff9bc3e-7f56-4cda-a124-228a75d242d0",
              "parentUUID": "69989860-b5d4-4c70-86e4-f7d0912fe9b9",
              "isHook": false,
              "skipped": false
            },
            {
              "title": "creating_Manual_Actions",
              "fullTitle": "PX4_Smoke_Suite creating_Manual_Actions",
              "timedOut": null,
              "duration": 79839,
              "state": "passed",
              "speed": "slow",
              "pass": true,
              "fail": false,
              "pending": false,
              "context": null,
              "code": "cy.wait(30000);\ncy.xpath('//a[@class=\"nav-link\" and @href=\"https://infraqa.px4app.com/index.php/Actions/actions_table\"]').click({\n  force: true\n});\ncy.log('This to test log for Manual action');\ncy.wait(10000);\ncy.xpath('//button[@class=\"auth-green-btn right flex\"]').should('be.visible').click({\n  force: true\n});\ncy.xpath('//input[@class=\"select2-search__field\" and @type=\"search\"]').should('be.visible').click({\n  force: true\n});\ncy.xpath('//input[@class=\"select2-search__field\" and @type=\"search\"]').should('be.visible').type(this.Authority_Number).type('{enter}'); // cy.xpath('//*[@id=\"select2-auth-result-hde9-8604~1\" and @class=\"select2-results__option select2-results__option--highlighted\"]').click({force: true});\ncy.xpath('//input[@id=\"action_name\"]').should('be.visible').should('be.visible').type('Test Manual Action');\ncy.xpath('//span[@id=\"select2-action_type-container\"]').should('be.visible').type('Application{enter}');\ncy.xpath('//input[@id=\"notification_date\"]').should('be.visible').type('09-05-2017');\ncy.xpath('//input[@id=\"reminder_date\"]').should('be.visible').type('09-05-2017');\ncy.xpath('//input[@id=\"original_due_date\"]').should('be.visible').type('09-05-2017');\ncy.xpath('//button[@class=\"px4-save-btn\"]').should('be.visible').click({\n  force: true\n});\ncy.wait(2000);",
              "err": {},
              "uuid": "b849b97a-adad-48d7-9381-6915e49de089",
              "parentUUID": "69989860-b5d4-4c70-86e4-f7d0912fe9b9",
              "isHook": false,
              "skipped": false
            },
            {
              "title": "creating_project",
              "fullTitle": "PX4_Smoke_Suite creating_project",
              "timedOut": null,
              "duration": 58026,
              "state": "passed",
              "speed": "slow",
              "pass": true,
              "fail": false,
              "pending": false,
              "context": null,
              "code": "// cy.wait(30000);        \ncy.xpath('//a[@href=\"https://infraqa.px4app.com/index.php/Projects/\"]').click({\n  force: true\n});\ncy.log('creating project');\ncy.wait(10000);\ncy.xpath('//button[@class=\"auth-green-btn flex right\"]').should('be.visible').click({\n  force: true\n}); // selecting jurisdiction\n// cy.xpath('//span[contains(@title,\"Queensland\")]').should('be.visible').type('Queensland{enter}');\ncy.xpath('(//span[@class=\"select2-selection__rendered\"])[1]').should('be.visible').type('Queensland{enter}'); // select managemet grouping\n// cy.xpath('//span[contains(@title,\"Select\")]').should('be.visible').type('New Stakeholder{enter}');\ncy.xpath('(//span[@class=\"select2-selection__rendered\"])[2]').click();\ncy.xpath('//input[@class=\"select2-search__field\"]').click().type(this.Stakeholder_name).type('{enter}'); //type project name\n//cy.xpath('//input[@name=\"project_name\"]').should('be.visible').type('Test Project{enter}');\ncy.xpath('//input[@name=\"project_name\"]').should('be.visible').type(\"Test Project\" + Math.floor(Math.random() * 100000)); //clicking on save button\ncy.xpath('//button[@class=\"px4-save-btn\"]').should('be.visible').click({\n  force: true\n}); // cy.intercept('https://infraqa.px4app.com/index.php/Projects/projects_console/*').as('loadprojectconsole')\n// once a request to get settings responds, 'cy.wait' will resolve\n// cy.wait('@loadprojectconsole')\n// cy.scrollTo('bottom')\ncy.wait(30000);",
              "err": {},
              "uuid": "055394d1-c9ec-4456-bf28-6272c8d20c44",
              "parentUUID": "69989860-b5d4-4c70-86e4-f7d0912fe9b9",
              "isHook": false,
              "skipped": false
            },
            {
              "title": "creating_Agreement",
              "fullTitle": "PX4_Smoke_Suite creating_Agreement",
              "timedOut": null,
              "duration": 57173,
              "state": "passed",
              "speed": "slow",
              "pass": true,
              "fail": false,
              "pending": false,
              "context": null,
              "code": "// cy.wait(30000);        \ncy.xpath('//a[@href=\"https://infraqa.px4app.com/index.php/Agreement/agreement_list\"]').click({\n  force: true\n});\ncy.log('creating an agreement');\ncy.wait(10000); //clicking on add agreement button \ncy.xpath('//button[@class=\"auth-green-btn right flex\"]').should('be.visible').click({\n  force: true\n}); // wait till create agreements page load        \n// cy.xpath('https://infraqa.px4app.com/index.php/Agreement/create_agreement/*').as('loadCreateAgreement')\n// cy.wait('@loadCreateAgreement')\n// selecting agreement category\n// cy.xpath('//select[@id=\"agreement_category\"]')\ncy.xpath('(//span[@class=\"select2-selection__rendered\"])[1]').should('be.visible').type('Commercial{Enter}'); // cy.xpath('//select[@id=\"agreement_category\"]').type('Commercial');\n// select agreement type\ncy.xpath('(//span[@class=\"select2-selection__rendered\"])[2]').should('be.visible').type('General Commercial Agreement{Enter}');\ncy.wait(1000); //type management grouping\ncy.xpath('(//span[@class=\"select2-selection__rendered\"])[3]').should('be.visible').click({\n  force: true\n});\ncy.xpath('//input[@type=\"search\"]').type(this.Stakeholder_name).type('{enter}'); // stakeholder (party)\ncy.xpath('(//span[@class=\"select2-selection__rendered\"])[6]').should('be.visible').click({\n  force: true\n});\ncy.xpath('//input[@class=\"select2-search__field\"]').type(this.Stakeholder_name).type('{enter}'); //type Type stakeholder(party) role\ncy.xpath('(//span[@class=\"select2-selection__rendered\"])[7]').should('be.visible').click({\n  force: true\n});\ncy.xpath('//input[@class=\"select2-search__field\"]').type('Management grouping').type('{enter}'); //click on create agreement button\ncy.xpath('//button[@name=\"submit2\"]').should('be.visible').click(); //waiting\n// cy.xpath('https://infraqa.px4app.com/index.php/Agreement/create_agreement/*').as('loadAgreementConsole')\n// cy.wait('@loadAgreementConsole')\n// Has an agreement been executed? \"YES\"\ncy.xpath('//button[contains(text(),\"YES\")]').should('be.visible').click(); //waiting\n// cy.xpath('https://infraqa.px4app.com/index.php/API_Process/get_one_back_pathway/*').as('loadReferenceNumber')\n// cy.wait('@loadReferenceNumber')\n// Alternative reference number for agreement  \"SAVE\"\ncy.xpath('//button[contains(text(),\"SAVE\")]').should('be.visible').click(); // Agreement executed date\ncy.xpath('//input[@id=\"input-field1\"]').should('be.visible').type('1-3-22'); // click on Save button\ncy.xpath('//button[contains(text(),\"SAVE\")]').should('be.visible').click(); // click on Save button\ncy.xpath('//button[contains(text(),\"SAVE\")]').should('be.visible').click(); //Does the agreement have an expiry date?\n// cy.xpath('Does the agreement have an expiry date?')\ncy.xpath('//button[contains(text(),\"NO\")]').should('be.visible').click(); //Agreement has been created with reference number\ncy.xpath('//button[contains(text(),\"OK\")]').should('be.visible').click();",
              "err": {},
              "uuid": "a5142e88-3bac-492a-9c45-2cd210e055a8",
              "parentUUID": "69989860-b5d4-4c70-86e4-f7d0912fe9b9",
              "isHook": false,
              "skipped": false
            },
            {
              "title": "creating_Contacts",
              "fullTitle": "PX4_Smoke_Suite creating_Contacts",
              "timedOut": null,
              "duration": 26159,
              "state": "passed",
              "speed": "slow",
              "pass": true,
              "fail": false,
              "pending": false,
              "context": null,
              "code": "// cy.wait(30000);        \ncy.xpath('//a[@href=\"https://infraqa.px4app.com/index.php/Contacts/\"]').click({\n  force: true\n});\ncy.log('creating an new contact'); // cy.wait(10000);\n//clicking on add contact \ncy.xpath('//button[@class=\"auth-green-btn flex right clickable\"]').should('be.visible').click({\n  force: true\n}); // enter first name    \ncy.xpath('//input[@name=\"first_name\"]').should('be.visible').type(\"Test FirstName\" + Math.floor(Math.random() * 100000)); // enter last name  \ncy.xpath('//input[@name=\"last_name\"]').should('be.visible').type(\"Test LastName\" + Math.floor(Math.random() * 100000)); // enter emailId  \ncy.xpath('//input[@name=\"email\"]').type(\"Test\" + Math.floor(Math.random() * 100000) + \"gmail.com\"); // click on save button\ncy.xpath('//button[@id=\"save_contact\"]').should('be.visible').click({\n  force: true\n});\ncy.wait(1000);",
              "err": {},
              "uuid": "837a0429-a797-4146-8902-e3c87266d008",
              "parentUUID": "69989860-b5d4-4c70-86e4-f7d0912fe9b9",
              "isHook": false,
              "skipped": false
            },
            {
              "title": "importQLDautorities",
              "fullTitle": "PX4_Smoke_Suite importQLDautorities",
              "timedOut": null,
              "duration": 132599,
              "state": "passed",
              "speed": "slow",
              "pass": true,
              "fail": false,
              "pending": false,
              "context": null,
              "code": "// cy.wait(30000);        \ncy.visit('https://infraqa.px4app.com/index.php/Import_Authorities');\ncy.log('importing QLD authority'); //select jurisdiction\ncy.get('body > div.container-fluid.main-container > div.px4-body > div.white-box.px4-white-box-border > div > div > div:nth-child(1) > span > span.selection > span').should('be.visible').type('Queensland{Enter}'); //select management grouping   \ncy.get('body > div.container-fluid.main-container > div.px4-body > div.white-box.px4-white-box-border > div > div > div:nth-child(2) > span > span.selection > span').click();\ncy.xpath('//input[@class=\"select2-search__field\"]').should('be.visible').type(this.Stakeholder_name).type('{Enter}'); // click on Go button\ncy.xpath('//button[@id=\"submit_button\"]').should('be.visible').click();\ncy.get('#file_upload_div > div > label').selectFile('cypress/fixtures/importQLD.xlsx');\ncy.wait(10000);\ncy.xpath('//button[@id=\"start_importing\"]').click({\n  force: true\n});\ncy.wait(50000);\ncy.xpath('//div/h3[@class=\"px4-sub-title\"]').invoke('text').then(summary => {\n  expect('Summary').equal(summary);\n}); //click on users profile dropdown\ncy.xpath('(//i[@class=\"material-icons\"])[2]').click({\n  force: true\n}); //click on administration\ncy.xpath('//a[contains(text(),\"Administration\")]').click({\n  force: true\n}); //click on delete authorities\ncy.xpath('//i[contains(text(),\"delete_forever\")]').click({\n  force: true\n}); // click on wish to proceed button  \ncy.xpath('//button[@class=\"px4-cancel-btn flex\"]').click({\n  force: true\n}); //select authority number EPM 15146\ncy.xpath('//input[@class=\"form-control auth-autocomplete2 ui-autocomplete-input\"]').should('be.visible').type('EPM 15146{enter}', {\n  force: true\n});\ncy.wait(1000);\ncy.xpath('//input[@class=\"form-control auth-autocomplete2 ui-autocomplete-input\"]').type('{enter}', {\n  force: true\n}); // cy.contains('#autocomplete2', 'EPM 15146').click()\n//click on confirm delete   \ncy.xpath('//button[@class=\"px4-cancel-btn flex\"]').click({\n  force: true\n}); //Assert authority deleted\ncy.xpath('//h3[@class=\"px4-title\"]').invoke('text').then(authoritydeleted => {\n  expect('Authority Deleted').equal(authoritydeleted);\n});",
              "err": {},
              "uuid": "f00101cb-2314-4d5e-a5d8-c1a254418b33",
              "parentUUID": "69989860-b5d4-4c70-86e4-f7d0912fe9b9",
              "isHook": false,
              "skipped": false
            },
            {
              "title": "importWAautorities",
              "fullTitle": "PX4_Smoke_Suite importWAautorities",
              "timedOut": null,
              "duration": 115623,
              "state": "passed",
              "speed": "slow",
              "pass": true,
              "fail": false,
              "pending": false,
              "context": null,
              "code": "// cy.wait(30000);        \ncy.visit('https://infraqa.px4app.com/index.php/Import_Authorities');\ncy.log('importing WA authority'); //select jurisdiction\ncy.get('body > div.container-fluid.main-container > div.px4-body > div.white-box.px4-white-box-border > div > div > div:nth-child(1) > span > span.selection > span').should('be.visible').type('Western Australia{Enter}'); //select management grouping   \n// cy.get('body > div.container-fluid.main-container > div.px4-body > div.white-box.px4-white-box-border > div > div > div:nth-child(2) > span > span.selection > span').should('be.visible').type('ABC Company Pty Ltd{Enter}')\n//select management grouping   \ncy.get('body > div.container-fluid.main-container > div.px4-body > div.white-box.px4-white-box-border > div > div > div:nth-child(2) > span > span.selection > span').click();\ncy.xpath('//input[@class=\"select2-search__field\"]').should('be.visible').type(this.Stakeholder_name).type('{Enter}'); // click on Go button\ncy.xpath('//button[@id=\"submit_button\"]').should('be.visible').click();\ncy.get('#file_upload_div > div > label').selectFile('cypress/fixtures/ImportWA.XML');\ncy.wait(10000);\ncy.xpath('//button[@id=\"start_importing\"]').click({\n  force: true\n});\ncy.wait(50000);\ncy.xpath('//div/h3[@class=\"px4-sub-title\"]').invoke('text').then(summary => {\n  expect('Summary').equal(summary);\n}); //click on users profile dropdown\ncy.xpath('(//i[@class=\"material-icons\"])[2]').click({\n  force: true\n}); //click on administration\ncy.xpath('//a[contains(text(),\"Administration\")]').click({\n  force: true\n}); //click on delete authorities\ncy.xpath('//i[contains(text(),\"delete_forever\")]').click({\n  force: true\n}); // click on wish to proceed button  \ncy.xpath('//button[@class=\"px4-cancel-btn flex\"]').click({\n  force: true\n}); //select authority number E 08/3883651\ncy.xpath('//input[@class=\"form-control auth-autocomplete2 ui-autocomplete-input\"]').should('be.visible').type('E 08/3883651{enter}', {\n  force: true\n});\ncy.wait(1000);\ncy.xpath('//input[@class=\"form-control auth-autocomplete2 ui-autocomplete-input\"]').type('{enter}', {\n  force: true\n}); // cy.contains('#autocomplete2', 'EPM 15146').click()\n//click on confirm delete   \ncy.xpath('//button[@class=\"px4-cancel-btn flex\"]').click({\n  force: true\n}); //Assert authority deleted\ncy.xpath('//h3[@class=\"px4-title\"]').invoke('text').then(authoritydeleted => {\n  expect('Authority Deleted').equal(authoritydeleted);\n});",
              "err": {},
              "uuid": "f0c20b61-754f-4eff-a2b1-0515a107098c",
              "parentUUID": "69989860-b5d4-4c70-86e4-f7d0912fe9b9",
              "isHook": false,
              "skipped": false
            },
            {
              "title": "SearchEntity",
              "fullTitle": "PX4_Smoke_Suite SearchEntity",
              "timedOut": null,
              "duration": 1682,
              "state": "passed",
              "speed": "fast",
              "pass": true,
              "fail": false,
              "pending": false,
              "context": null,
              "code": "cy.xpath('//input[@class=\"form-control auth-autocomplete1 ui-autocomplete-input\"]').should('be.visible').type(this.Authority_Number);\ncy.wait(1000);\ncy.xpath('//input[@class=\"form-control auth-autocomplete1 ui-autocomplete-input\"]').type('{downArrow}{enter}');",
              "err": {},
              "uuid": "3c9300d8-3622-458d-912f-f358da402a3a",
              "parentUUID": "69989860-b5d4-4c70-86e4-f7d0912fe9b9",
              "isHook": false,
              "skipped": false
            },
            {
              "title": "user_creation",
              "fullTitle": "PX4_Smoke_Suite user_creation",
              "timedOut": null,
              "duration": 0,
              "state": "pending",
              "speed": null,
              "pass": false,
              "fail": false,
              "pending": true,
              "context": null,
              "code": "",
              "err": {},
              "uuid": "97a66c43-6798-4d81-9c57-44cecb62f463",
              "parentUUID": "69989860-b5d4-4c70-86e4-f7d0912fe9b9",
              "isHook": false,
              "skipped": false
            },
            {
              "title": "group_creation",
              "fullTitle": "PX4_Smoke_Suite group_creation",
              "timedOut": null,
              "duration": 0,
              "state": "pending",
              "speed": null,
              "pass": false,
              "fail": false,
              "pending": true,
              "context": null,
              "code": "",
              "err": {},
              "uuid": "d1d736f8-7287-44f8-aca7-f8616b6dcd0c",
              "parentUUID": "69989860-b5d4-4c70-86e4-f7d0912fe9b9",
              "isHook": false,
              "skipped": false
            }
          ],
          "suites": [],
          "passes": [
            "80139c16-2e6c-4e6a-86b9-215771e8b5a9",
            "43ce4ffb-fb73-4768-9420-c0336a96842c",
            "dff9bc3e-7f56-4cda-a124-228a75d242d0",
            "b849b97a-adad-48d7-9381-6915e49de089",
            "055394d1-c9ec-4456-bf28-6272c8d20c44",
            "a5142e88-3bac-492a-9c45-2cd210e055a8",
            "837a0429-a797-4146-8902-e3c87266d008",
            "f00101cb-2314-4d5e-a5d8-c1a254418b33",
            "f0c20b61-754f-4eff-a2b1-0515a107098c",
            "3c9300d8-3622-458d-912f-f358da402a3a"
          ],
          "failures": [],
          "pending": [
            "97a66c43-6798-4d81-9c57-44cecb62f463",
            "d1d736f8-7287-44f8-aca7-f8616b6dcd0c"
          ],
          "skipped": [],
          "duration": 734128,
          "root": false,
          "rootEmpty": false,
          "_timeout": 2000
        }
      ],
      "passes": [],
      "failures": [],
      "pending": [],
      "skipped": [],
      "duration": 0,
      "root": true,
      "rootEmpty": true,
      "_timeout": 2000
    }
  ],
  "meta": {
    "mocha": {
      "version": "7.0.1"
    },
    "mochawesome": {
      "options": {
        "quiet": false,
        "reportFilename": "mochawesome",
        "saveHtml": true,
        "saveJson": true,
        "consoleReporter": "spec",
        "useInlineDiffs": false,
        "code": true
      },
      "version": "6.3.1"
    },
    "marge": {
      "options": {
        "id": "default",
        "reportDir": "cypress/reports/mocha",
        "quite": false,
        "overwrite": true,
        "html": true,
        "json": true,
        "charts": true,
        "-reportFilename": true,
        "-reportTitle": true,
        "-autoOpen": true
      },
      "version": "5.2.0"
    }
  }
}